{"name": "test_click_checkbox", "status": "broken", "statusDetails": {"message": "Exception: Element by \"xpath\" with the value \"/html/body/div[1]/div[1]/div[2]/div[1]/div[2]/div/div/div[2]/div/div[1]/div/form/span/section/div/div/div[3]/div[3]/div/div[1]/div/div/div[1]/div/input\" cannot be found.", "trace": "E   selenium.common.exceptions.TimeoutException: Message:\n\nDuring handling of the above exception, another exception occurred:\nE   Exception: Element by \"xpath\" with the value \"/html/body/div[1]/div[1]/div[2]/div[1]/div[2]/div/div/div[2]/div/div[1]/div/form/span/section/div/div/div[3]/div[3]/div/div[1]/div/div/div[1]/div/input\" cannot be found."}, "attachments": [{"name": "test_click_checkbox-step__screenshot", "source": "8a066312-8d4e-4fac-9d1e-8c7f0d0b87dd-attachment.png", "type": "image/png"}], "start": 1658764493597, "stop": 1658764504108, "uuid": "0254da2f-2e5f-4f1d-a837-cb281fed446b", "historyId": "09de63f807ed6aefc20af7efc3d85123", "testCaseId": "99b0ad1d9fb209df1c6e269312bc2c3f", "fullName": "tests.Test_registration.Test_regisration#test_click_checkbox", "labels": [{"name": "feature", "value": "Create Gmail"}, {"name": "story", "value": "We should create gmail"}, {"name": "parentSuite", "value": "tests"}, {"name": "suite", "value": "Test_registration"}, {"name": "subSuite", "value": "Test_regisration"}, {"name": "host", "value": "DESKTOP-CTCCQ2D"}, {"name": "thread", "value": "1380-MainThread"}, {"name": "framework", "value": "pytest"}, {"name": "language", "value": "cpython3"}, {"name": "package", "value": "tests.Test_registration"}]}